app/build/intermediates/manifest_merge_blame_file/debug/manifest-merger-blame-debug-report.txt
1<?xml version="1.0" encoding="utf-8"?>
2<manifest xmlns:android="http://schemas.android.com/apk/res/android"
3    package="com.selada.kebonmobile"
4    android:versionCode="1"
5    android:versionName="1.0" >
6
7    <uses-sdk
8        android:minSdkVersion="21"
8-->src\main\AndroidManifest.xml
9        android:targetSdkVersion="30" />
9-->src\main\AndroidManifest.xml
10
11    <uses-permission android:name="android.permission.CAMERA" />
11-->src\main\AndroidManifest.xml:43:5-65
11-->src\main\AndroidManifest.xml:43:22-62
12    <uses-permission android:name="android.permission.INTERNET" />
12-->src\main\AndroidManifest.xml:45:5-67
12-->src\main\AndroidManifest.xml:45:22-64
13
14    <application
14-->src\main\AndroidManifest.xml:5:5-42:19
15        android:allowBackup="true"
15-->src\main\AndroidManifest.xml:6:9-35
16        android:appComponentFactory="androidx.core.app.CoreComponentFactory"
16-->[androidx.core:core:1.5.0] AndroidManifest.xml:24:18-86
17        android:debuggable="true"
18        android:icon="@mipmap/ic_launcher"
18-->src\main\AndroidManifest.xml:7:9-43
19        android:label="@string/app_name"
19-->src\main\AndroidManifest.xml:8:9-41
20        android:networkSecurityConfig="@xml/network_security_config"
20-->src\main\AndroidManifest.xml:9:9-69
21        android:roundIcon="@mipmap/ic_launcher_round"
21-->src\main\AndroidManifest.xml:10:9-54
22        android:supportsRtl="true"
22-->src\main\AndroidManifest.xml:11:9-35
23        android:testOnly="true"
24        android:theme="@style/AppTheme" >
24-->src\main\AndroidManifest.xml:12:9-40
25        <activity android:name="com.selada.kebonmobile.presentation.home.tanam.PilihMetodeActivity" />
25-->src\main\AndroidManifest.xml:13:9-90
25-->src\main\AndroidManifest.xml:13:19-78
26        <activity android:name="com.selada.kebonmobile.presentation.akun.DetailAkunActivity" />
26-->src\main\AndroidManifest.xml:14:9-74
26-->src\main\AndroidManifest.xml:14:19-71
27        <activity android:name="com.selada.kebonmobile.presentation.home.lahan.GaleriLahanActivity" />
27-->src\main\AndroidManifest.xml:15:9-81
27-->src\main\AndroidManifest.xml:15:19-78
28        <activity android:name="com.selada.kebonmobile.presentation.home.lahan.InformasiKeuntunganActivity" />
28-->src\main\AndroidManifest.xml:16:9-89
28-->src\main\AndroidManifest.xml:16:19-86
29        <activity android:name="com.selada.kebonmobile.presentation.home.pembayaran.RincianPembayaranActivity" />
29-->src\main\AndroidManifest.xml:17:9-92
29-->src\main\AndroidManifest.xml:17:19-89
30        <activity android:name="com.selada.kebonmobile.presentation.home.pembayaran.KonfirmasiPembayaranActivity" />
30-->src\main\AndroidManifest.xml:18:9-95
30-->src\main\AndroidManifest.xml:18:19-92
31        <activity android:name="com.selada.kebonmobile.presentation.home.pembayaran.PembayaranActivity" />
31-->src\main\AndroidManifest.xml:19:9-85
31-->src\main\AndroidManifest.xml:19:19-82
32        <activity android:name="com.selada.kebonmobile.presentation.home.lahan.SewaLahanActivity" />
32-->src\main\AndroidManifest.xml:20:9-79
32-->src\main\AndroidManifest.xml:20:19-76
33        <activity android:name="com.selada.kebonmobile.presentation.auth.VerificationEmailActivity" />
33-->src\main\AndroidManifest.xml:21:9-81
33-->src\main\AndroidManifest.xml:21:19-78
34        <activity android:name="com.selada.kebonmobile.presentation.auth.Register3Activity" />
34-->src\main\AndroidManifest.xml:22:9-73
34-->src\main\AndroidManifest.xml:22:19-70
35        <activity android:name="com.selada.kebonmobile.presentation.auth.Register2Activity" />
35-->src\main\AndroidManifest.xml:23:9-73
35-->src\main\AndroidManifest.xml:23:19-70
36        <activity android:name="com.selada.kebonmobile.presentation.site.PickSiteActivity" />
36-->src\main\AndroidManifest.xml:24:9-72
36-->src\main\AndroidManifest.xml:24:19-69
37        <activity android:name="com.selada.kebonmobile.presentation.auth.RegisterActivity" />
37-->src\main\AndroidManifest.xml:25:9-72
37-->src\main\AndroidManifest.xml:25:19-69
38        <activity
38-->src\main\AndroidManifest.xml:26:9-28:83
39            android:name="com.selada.kebonmobile.presentation.auth.LoginActivity"
39-->src\main\AndroidManifest.xml:27:13-60
40            android:theme="@style/Theme.AppCompat.Light.NoActionBar.FullScreen" />
40-->src\main\AndroidManifest.xml:28:13-80
41        <activity
41-->src\main\AndroidManifest.xml:29:9-31:83
42            android:name="com.selada.kebonmobile.IntroActivity"
42-->src\main\AndroidManifest.xml:30:13-42
43            android:theme="@style/Theme.AppCompat.Light.NoActionBar.FullScreen" />
43-->src\main\AndroidManifest.xml:31:13-80
44        <activity
44-->src\main\AndroidManifest.xml:32:9-40:20
45            android:name="com.selada.kebonmobile.SplashActivity"
45-->src\main\AndroidManifest.xml:33:13-43
46            android:theme="@android:style/Theme.NoTitleBar.Fullscreen" >
46-->src\main\AndroidManifest.xml:34:13-71
47            <intent-filter>
47-->src\main\AndroidManifest.xml:35:13-39:29
48                <action android:name="android.intent.action.MAIN" />
48-->src\main\AndroidManifest.xml:36:17-69
48-->src\main\AndroidManifest.xml:36:25-66
49
50                <category android:name="android.intent.category.LAUNCHER" />
50-->src\main\AndroidManifest.xml:38:17-77
50-->src\main\AndroidManifest.xml:38:27-74
51            </intent-filter>
52        </activity>
53        <activity android:name="com.selada.kebonmobile.presentation.MainActivity" />
53-->src\main\AndroidManifest.xml:41:9-63
53-->src\main\AndroidManifest.xml:41:19-60
54    </application>
55
56</manifest>